{
  "timestamp": "2025-09-08 12:27:35.179",
  "level": "ERROR",
  "message": "uncaughtException: Cannot find module './routes/users'\nRequire stack:\n- /Users/ankush/Pictures/aishieldindia/aishield_india_app/server.js\nError: Cannot find module './routes/users'\nRequire stack:\n- /Users/ankush/Pictures/aishieldindia/aishield_india_app/server.js\n    at Module._resolveFilename (node:internal/modules/cjs/loader:1410:15)\n    at defaultResolveImpl (node:internal/modules/cjs/loader:1051:19)\n    at resolveForCJSWithHooks (node:internal/modules/cjs/loader:1056:22)\n    at Module._load (node:internal/modules/cjs/loader:1219:37)\n    at TracingChannel.traceSync (node:diagnostics_channel:322:14)\n    at wrapModuleLoad (node:internal/modules/cjs/loader:238:24)\n    at Module.require (node:internal/modules/cjs/loader:1493:12)\n    at require (node:internal/modules/helpers:152:16)\n    at /Users/ankush/Pictures/aishieldindia/aishield_india_app/server.js:221:23\n    at Array.forEach (<anonymous>)",
  "error": {
    "code": "MODULE_NOT_FOUND",
    "requireStack": [
      "/Users/ankush/Pictures/aishieldindia/aishield_india_app/server.js"
    ]
  },
  "stack": "Error: Cannot find module './routes/users'\nRequire stack:\n- /Users/ankush/Pictures/aishieldindia/aishield_india_app/server.js\n    at Module._resolveFilename (node:internal/modules/cjs/loader:1410:15)\n    at defaultResolveImpl (node:internal/modules/cjs/loader:1051:19)\n    at resolveForCJSWithHooks (node:internal/modules/cjs/loader:1056:22)\n    at Module._load (node:internal/modules/cjs/loader:1219:37)\n    at TracingChannel.traceSync (node:diagnostics_channel:322:14)\n    at wrapModuleLoad (node:internal/modules/cjs/loader:238:24)\n    at Module.require (node:internal/modules/cjs/loader:1493:12)\n    at require (node:internal/modules/helpers:152:16)\n    at /Users/ankush/Pictures/aishieldindia/aishield_india_app/server.js:221:23\n    at Array.forEach (<anonymous>)",
  "exception": true,
  "date": "Mon Sep 08 2025 12:27:35 GMT+0530 (India Standard Time)",
  "process": {
    "pid": 31934,
    "uid": 501,
    "gid": 20,
    "cwd": "/Users/ankush/Pictures/aishieldindia/aishield_india_app",
    "execPath": "/opt/homebrew/Cellar/node/24.6.0/bin/node",
    "version": "v24.6.0",
    "argv": [
      "/opt/homebrew/Cellar/node/24.6.0/bin/node",
      "/Users/ankush/Pictures/aishieldindia/aishield_india_app/server.js"
    ],
    "memoryUsage": {
      "rss": 94437376,
      "heapTotal": 61505536,
      "heapUsed": 37405928,
      "external": 21605744,
      "arrayBuffers": 18264730
    }
  },
  "os": {
    "loadavg": [
      5.96533203125,
      3.25244140625,
      3.01123046875
    ],
    "uptime": 9011
  },
  "trace": [
    {
      "column": 15,
      "file": "node:internal/modules/cjs/loader",
      "function": "Module._resolveFilename",
      "line": 1410,
      "method": "_resolveFilename",
      "native": false
    },
    {
      "column": 19,
      "file": "node:internal/modules/cjs/loader",
      "function": "defaultResolveImpl",
      "line": 1051,
      "method": null,
      "native": false
    },
    {
      "column": 22,
      "file": "node:internal/modules/cjs/loader",
      "function": "resolveForCJSWithHooks",
      "line": 1056,
      "method": null,
      "native": false
    },
    {
      "column": 37,
      "file": "node:internal/modules/cjs/loader",
      "function": "Module._load",
      "line": 1219,
      "method": "_load",
      "native": false
    },
    {
      "column": 14,
      "file": "node:diagnostics_channel",
      "function": "TracingChannel.traceSync",
      "line": 322,
      "method": "traceSync",
      "native": false
    },
    {
      "column": 24,
      "file": "node:internal/modules/cjs/loader",
      "function": "wrapModuleLoad",
      "line": 238,
      "method": null,
      "native": false
    },
    {
      "column": 12,
      "file": "node:internal/modules/cjs/loader",
      "function": "Module.require",
      "line": 1493,
      "method": "require",
      "native": false
    },
    {
      "column": 16,
      "file": "node:internal/modules/helpers",
      "function": "require",
      "line": 152,
      "method": null,
      "native": false
    },
    {
      "column": 23,
      "file": "/Users/ankush/Pictures/aishieldindia/aishield_india_app/server.js",
      "function": null,
      "line": 221,
      "method": null,
      "native": false
    },
    {
      "column": null,
      "file": null,
      "function": "Array.forEach",
      "line": null,
      "method": "forEach",
      "native": false
    }
  ],
  "service": "ai-shield-learning",
  "environment": "development",
  "version": "1.0.0"
}
{
  "timestamp": "2025-09-08 12:29:22.584",
  "level": "ERROR",
  "message": "uncaughtException: Cannot find module './routes/users'\nRequire stack:\n- /Users/ankush/Pictures/aishieldindia/aishield_india_app/server.js\nError: Cannot find module './routes/users'\nRequire stack:\n- /Users/ankush/Pictures/aishieldindia/aishield_india_app/server.js\n    at Module._resolveFilename (node:internal/modules/cjs/loader:1410:15)\n    at defaultResolveImpl (node:internal/modules/cjs/loader:1051:19)\n    at resolveForCJSWithHooks (node:internal/modules/cjs/loader:1056:22)\n    at Module._load (node:internal/modules/cjs/loader:1219:37)\n    at TracingChannel.traceSync (node:diagnostics_channel:322:14)\n    at wrapModuleLoad (node:internal/modules/cjs/loader:238:24)\n    at Module.require (node:internal/modules/cjs/loader:1493:12)\n    at require (node:internal/modules/helpers:152:16)\n    at /Users/ankush/Pictures/aishieldindia/aishield_india_app/server.js:221:23\n    at Array.forEach (<anonymous>)",
  "error": {
    "code": "MODULE_NOT_FOUND",
    "requireStack": [
      "/Users/ankush/Pictures/aishieldindia/aishield_india_app/server.js"
    ]
  },
  "stack": "Error: Cannot find module './routes/users'\nRequire stack:\n- /Users/ankush/Pictures/aishieldindia/aishield_india_app/server.js\n    at Module._resolveFilename (node:internal/modules/cjs/loader:1410:15)\n    at defaultResolveImpl (node:internal/modules/cjs/loader:1051:19)\n    at resolveForCJSWithHooks (node:internal/modules/cjs/loader:1056:22)\n    at Module._load (node:internal/modules/cjs/loader:1219:37)\n    at TracingChannel.traceSync (node:diagnostics_channel:322:14)\n    at wrapModuleLoad (node:internal/modules/cjs/loader:238:24)\n    at Module.require (node:internal/modules/cjs/loader:1493:12)\n    at require (node:internal/modules/helpers:152:16)\n    at /Users/ankush/Pictures/aishieldindia/aishield_india_app/server.js:221:23\n    at Array.forEach (<anonymous>)",
  "exception": true,
  "date": "Mon Sep 08 2025 12:29:22 GMT+0530 (India Standard Time)",
  "process": {
    "pid": 32572,
    "uid": 501,
    "gid": 20,
    "cwd": "/Users/ankush/Pictures/aishieldindia/aishield_india_app",
    "execPath": "/opt/homebrew/Cellar/node/24.6.0/bin/node",
    "version": "v24.6.0",
    "argv": [
      "/opt/homebrew/Cellar/node/24.6.0/bin/node",
      "/Users/ankush/Pictures/aishieldindia/aishield_india_app/server.js"
    ],
    "memoryUsage": {
      "rss": 105840640,
      "heapTotal": 61243392,
      "heapUsed": 37868888,
      "external": 21605744,
      "arrayBuffers": 18264730
    }
  },
  "os": {
    "loadavg": [
      3.57861328125,
      3.25732421875,
      3.04150390625
    ],
    "uptime": 9118
  },
  "trace": [
    {
      "column": 15,
      "file": "node:internal/modules/cjs/loader",
      "function": "Module._resolveFilename",
      "line": 1410,
      "method": "_resolveFilename",
      "native": false
    },
    {
      "column": 19,
      "file": "node:internal/modules/cjs/loader",
      "function": "defaultResolveImpl",
      "line": 1051,
      "method": null,
      "native": false
    },
    {
      "column": 22,
      "file": "node:internal/modules/cjs/loader",
      "function": "resolveForCJSWithHooks",
      "line": 1056,
      "method": null,
      "native": false
    },
    {
      "column": 37,
      "file": "node:internal/modules/cjs/loader",
      "function": "Module._load",
      "line": 1219,
      "method": "_load",
      "native": false
    },
    {
      "column": 14,
      "file": "node:diagnostics_channel",
      "function": "TracingChannel.traceSync",
      "line": 322,
      "method": "traceSync",
      "native": false
    },
    {
      "column": 24,
      "file": "node:internal/modules/cjs/loader",
      "function": "wrapModuleLoad",
      "line": 238,
      "method": null,
      "native": false
    },
    {
      "column": 12,
      "file": "node:internal/modules/cjs/loader",
      "function": "Module.require",
      "line": 1493,
      "method": "require",
      "native": false
    },
    {
      "column": 16,
      "file": "node:internal/modules/helpers",
      "function": "require",
      "line": 152,
      "method": null,
      "native": false
    },
    {
      "column": 23,
      "file": "/Users/ankush/Pictures/aishieldindia/aishield_india_app/server.js",
      "function": null,
      "line": 221,
      "method": null,
      "native": false
    },
    {
      "column": null,
      "file": null,
      "function": "Array.forEach",
      "line": null,
      "method": "forEach",
      "native": false
    }
  ],
  "service": "ai-shield-learning",
  "environment": "development",
  "version": "1.0.0"
}
{
  "timestamp": "2025-09-08 12:31:00.210",
  "level": "ERROR",
  "message": "uncaughtException: Cannot find module './routes/users'\nRequire stack:\n- /Users/ankush/Pictures/aishieldindia/aishield_india_app/server.js\nError: Cannot find module './routes/users'\nRequire stack:\n- /Users/ankush/Pictures/aishieldindia/aishield_india_app/server.js\n    at Module._resolveFilename (node:internal/modules/cjs/loader:1410:15)\n    at defaultResolveImpl (node:internal/modules/cjs/loader:1051:19)\n    at resolveForCJSWithHooks (node:internal/modules/cjs/loader:1056:22)\n    at Module._load (node:internal/modules/cjs/loader:1219:37)\n    at TracingChannel.traceSync (node:diagnostics_channel:322:14)\n    at wrapModuleLoad (node:internal/modules/cjs/loader:238:24)\n    at Module.require (node:internal/modules/cjs/loader:1493:12)\n    at require (node:internal/modules/helpers:152:16)\n    at /Users/ankush/Pictures/aishieldindia/aishield_india_app/server.js:221:23\n    at Array.forEach (<anonymous>)",
  "error": {
    "code": "MODULE_NOT_FOUND",
    "requireStack": [
      "/Users/ankush/Pictures/aishieldindia/aishield_india_app/server.js"
    ]
  },
  "stack": "Error: Cannot find module './routes/users'\nRequire stack:\n- /Users/ankush/Pictures/aishieldindia/aishield_india_app/server.js\n    at Module._resolveFilename (node:internal/modules/cjs/loader:1410:15)\n    at defaultResolveImpl (node:internal/modules/cjs/loader:1051:19)\n    at resolveForCJSWithHooks (node:internal/modules/cjs/loader:1056:22)\n    at Module._load (node:internal/modules/cjs/loader:1219:37)\n    at TracingChannel.traceSync (node:diagnostics_channel:322:14)\n    at wrapModuleLoad (node:internal/modules/cjs/loader:238:24)\n    at Module.require (node:internal/modules/cjs/loader:1493:12)\n    at require (node:internal/modules/helpers:152:16)\n    at /Users/ankush/Pictures/aishieldindia/aishield_india_app/server.js:221:23\n    at Array.forEach (<anonymous>)",
  "exception": true,
  "date": "Mon Sep 08 2025 12:31:00 GMT+0530 (India Standard Time)",
  "process": {
    "pid": 32852,
    "uid": 501,
    "gid": 20,
    "cwd": "/Users/ankush/Pictures/aishieldindia/aishield_india_app",
    "execPath": "/opt/homebrew/Cellar/node/24.6.0/bin/node",
    "version": "v24.6.0",
    "argv": [
      "/opt/homebrew/Cellar/node/24.6.0/bin/node",
      "/Users/ankush/Pictures/aishieldindia/aishield_india_app/server.js"
    ],
    "memoryUsage": {
      "rss": 106954752,
      "heapTotal": 60981248,
      "heapUsed": 37903560,
      "external": 21605744,
      "arrayBuffers": 18264730
    }
  },
  "os": {
    "loadavg": [
      2.01904296875,
      2.798828125,
      2.8828125
    ],
    "uptime": 9216
  },
  "trace": [
    {
      "column": 15,
      "file": "node:internal/modules/cjs/loader",
      "function": "Module._resolveFilename",
      "line": 1410,
      "method": "_resolveFilename",
      "native": false
    },
    {
      "column": 19,
      "file": "node:internal/modules/cjs/loader",
      "function": "defaultResolveImpl",
      "line": 1051,
      "method": null,
      "native": false
    },
    {
      "column": 22,
      "file": "node:internal/modules/cjs/loader",
      "function": "resolveForCJSWithHooks",
      "line": 1056,
      "method": null,
      "native": false
    },
    {
      "column": 37,
      "file": "node:internal/modules/cjs/loader",
      "function": "Module._load",
      "line": 1219,
      "method": "_load",
      "native": false
    },
    {
      "column": 14,
      "file": "node:diagnostics_channel",
      "function": "TracingChannel.traceSync",
      "line": 322,
      "method": "traceSync",
      "native": false
    },
    {
      "column": 24,
      "file": "node:internal/modules/cjs/loader",
      "function": "wrapModuleLoad",
      "line": 238,
      "method": null,
      "native": false
    },
    {
      "column": 12,
      "file": "node:internal/modules/cjs/loader",
      "function": "Module.require",
      "line": 1493,
      "method": "require",
      "native": false
    },
    {
      "column": 16,
      "file": "node:internal/modules/helpers",
      "function": "require",
      "line": 152,
      "method": null,
      "native": false
    },
    {
      "column": 23,
      "file": "/Users/ankush/Pictures/aishieldindia/aishield_india_app/server.js",
      "function": null,
      "line": 221,
      "method": null,
      "native": false
    },
    {
      "column": null,
      "file": null,
      "function": "Array.forEach",
      "line": null,
      "method": "forEach",
      "native": false
    }
  ],
  "service": "ai-shield-learning",
  "environment": "development",
  "version": "1.0.0"
}
{
  "timestamp": "2025-09-08 12:33:01.196",
  "level": "ERROR",
  "message": "uncaughtException: Cannot find module './routes/analytics'\nRequire stack:\n- /Users/ankush/Pictures/aishieldindia/aishield_india_app/server.js\nError: Cannot find module './routes/analytics'\nRequire stack:\n- /Users/ankush/Pictures/aishieldindia/aishield_india_app/server.js\n    at Module._resolveFilename (node:internal/modules/cjs/loader:1410:15)\n    at defaultResolveImpl (node:internal/modules/cjs/loader:1051:19)\n    at resolveForCJSWithHooks (node:internal/modules/cjs/loader:1056:22)\n    at Module._load (node:internal/modules/cjs/loader:1219:37)\n    at TracingChannel.traceSync (node:diagnostics_channel:322:14)\n    at wrapModuleLoad (node:internal/modules/cjs/loader:238:24)\n    at Module.require (node:internal/modules/cjs/loader:1493:12)\n    at require (node:internal/modules/helpers:152:16)\n    at /Users/ankush/Pictures/aishieldindia/aishield_india_app/server.js:220:23\n    at Array.forEach (<anonymous>)",
  "error": {
    "code": "MODULE_NOT_FOUND",
    "requireStack": [
      "/Users/ankush/Pictures/aishieldindia/aishield_india_app/server.js"
    ]
  },
  "stack": "Error: Cannot find module './routes/analytics'\nRequire stack:\n- /Users/ankush/Pictures/aishieldindia/aishield_india_app/server.js\n    at Module._resolveFilename (node:internal/modules/cjs/loader:1410:15)\n    at defaultResolveImpl (node:internal/modules/cjs/loader:1051:19)\n    at resolveForCJSWithHooks (node:internal/modules/cjs/loader:1056:22)\n    at Module._load (node:internal/modules/cjs/loader:1219:37)\n    at TracingChannel.traceSync (node:diagnostics_channel:322:14)\n    at wrapModuleLoad (node:internal/modules/cjs/loader:238:24)\n    at Module.require (node:internal/modules/cjs/loader:1493:12)\n    at require (node:internal/modules/helpers:152:16)\n    at /Users/ankush/Pictures/aishieldindia/aishield_india_app/server.js:220:23\n    at Array.forEach (<anonymous>)",
  "exception": true,
  "date": "Mon Sep 08 2025 12:33:01 GMT+0530 (India Standard Time)",
  "process": {
    "pid": 33675,
    "uid": 501,
    "gid": 20,
    "cwd": "/Users/ankush/Pictures/aishieldindia/aishield_india_app",
    "execPath": "/opt/homebrew/Cellar/node/24.6.0/bin/node",
    "version": "v24.6.0",
    "argv": [
      "/opt/homebrew/Cellar/node/24.6.0/bin/node",
      "/Users/ankush/Pictures/aishieldindia/aishield_india_app/server.js"
    ],
    "memoryUsage": {
      "rss": 105824256,
      "heapTotal": 61243392,
      "heapUsed": 37643528,
      "external": 21605744,
      "arrayBuffers": 18264730
    }
  },
  "os": {
    "loadavg": [
      2.88330078125,
      3.04833984375,
      2.9765625
    ],
    "uptime": 9337
  },
  "trace": [
    {
      "column": 15,
      "file": "node:internal/modules/cjs/loader",
      "function": "Module._resolveFilename",
      "line": 1410,
      "method": "_resolveFilename",
      "native": false
    },
    {
      "column": 19,
      "file": "node:internal/modules/cjs/loader",
      "function": "defaultResolveImpl",
      "line": 1051,
      "method": null,
      "native": false
    },
    {
      "column": 22,
      "file": "node:internal/modules/cjs/loader",
      "function": "resolveForCJSWithHooks",
      "line": 1056,
      "method": null,
      "native": false
    },
    {
      "column": 37,
      "file": "node:internal/modules/cjs/loader",
      "function": "Module._load",
      "line": 1219,
      "method": "_load",
      "native": false
    },
    {
      "column": 14,
      "file": "node:diagnostics_channel",
      "function": "TracingChannel.traceSync",
      "line": 322,
      "method": "traceSync",
      "native": false
    },
    {
      "column": 24,
      "file": "node:internal/modules/cjs/loader",
      "function": "wrapModuleLoad",
      "line": 238,
      "method": null,
      "native": false
    },
    {
      "column": 12,
      "file": "node:internal/modules/cjs/loader",
      "function": "Module.require",
      "line": 1493,
      "method": "require",
      "native": false
    },
    {
      "column": 16,
      "file": "node:internal/modules/helpers",
      "function": "require",
      "line": 152,
      "method": null,
      "native": false
    },
    {
      "column": 23,
      "file": "/Users/ankush/Pictures/aishieldindia/aishield_india_app/server.js",
      "function": null,
      "line": 220,
      "method": null,
      "native": false
    },
    {
      "column": null,
      "file": null,
      "function": "Array.forEach",
      "line": null,
      "method": "forEach",
      "native": false
    }
  ],
  "service": "ai-shield-learning",
  "environment": "development",
  "version": "1.0.0"
}
{
  "timestamp": "2025-09-08 12:37:05.125",
  "level": "ERROR",
  "message": "Error during shutdown",
  "service": "ai-shield-learning",
  "environment": "development",
  "version": "1.0.0",
  "error": "server is not defined"
}
{
  "timestamp": "2025-09-08 12:39:42.581",
  "level": "ERROR",
  "message": "Server error",
  "service": "ai-shield-learning",
  "environment": "development",
  "version": "1.0.0",
  "error": "listen EADDRINUSE: address already in use :::5002"
}
{
  "timestamp": "2025-09-08 13:03:59.882",
  "level": "ERROR",
  "message": "Error during shutdown",
  "service": "ai-shield-learning",
  "environment": "development",
  "version": "1.0.0",
  "error": "server is not defined"
}
{
  "timestamp": "2025-09-08 13:11:16.376",
  "level": "ERROR",
  "message": "Server error",
  "service": "ai-shield-learning",
  "environment": "development",
  "version": "1.0.0",
  "error": "listen EADDRINUSE: address already in use :::5002"
}
{
  "timestamp": "2025-09-08 13:32:17.981",
  "level": "ERROR",
  "message": "Server error",
  "service": "ai-shield-learning",
  "environment": "development",
  "version": "1.0.0",
  "error": "listen EADDRINUSE: address already in use :::5002"
}
{
  "timestamp": "2025-09-08 14:32:52.250",
  "level": "ERROR",
  "message": "Server error",
  "service": "ai-shield-learning",
  "environment": "development",
  "version": "1.0.0",
  "error": "listen EADDRINUSE: address already in use :::5002"
}
{
  "timestamp": "2025-09-08 15:03:06.950",
  "level": "ERROR",
  "message": "Server error",
  "service": "ai-shield-learning",
  "environment": "development",
  "version": "1.0.0",
  "error": "listen EADDRINUSE: address already in use :::5002"
}
{
  "timestamp": "2025-09-08 15:04:11.905",
  "level": "ERROR",
  "message": "Error during shutdown",
  "service": "ai-shield-learning",
  "environment": "development",
  "version": "1.0.0",
  "error": "server is not defined"
}
{
  "timestamp": "2025-09-08 18:37:14.883",
  "level": "ERROR",
  "message": "Error during shutdown",
  "service": "ai-shield-learning",
  "environment": "development",
  "version": "1.0.0",
  "error": "server is not defined"
}
{
  "timestamp": "2025-09-08 18:39:50.592",
  "level": "ERROR",
  "message": "Server error",
  "service": "ai-shield-learning",
  "environment": "development",
  "version": "2.0.0",
  "error": "listen EADDRINUSE: address already in use :::5002"
}
{
  "timestamp": "2025-09-08 18:40:05.244",
  "level": "ERROR",
  "message": "Error during shutdown",
  "service": "ai-shield-learning",
  "environment": "development",
  "version": "2.0.0",
  "error": "server is not defined"
}
{
  "timestamp": "2025-09-08 18:48:00.376",
  "level": "ERROR",
  "message": "Server error",
  "service": "ai-shield-learning",
  "environment": "development",
  "version": "2.0.0",
  "error": "listen EADDRINUSE: address already in use :::5002"
}
{
  "timestamp": "2025-09-08 18:57:21.345",
  "level": "ERROR",
  "message": "Server error",
  "service": "ai-shield-learning",
  "environment": "development",
  "version": "1.0.0",
  "error": "listen EADDRINUSE: address already in use :::5002"
}
