{
  "timestamp": "2025-09-09 11:57:10.932",
  "level": "ERROR",
  "message": "Server error",
  "service": "ai-shield-learning",
  "environment": "development",
  "version": "1.0.0",
  "error": "listen EADDRINUSE: address already in use :::5002"
}
{
  "timestamp": "2025-09-09 11:59:11.247",
  "level": "ERROR",
  "message": "Error during shutdown",
  "service": "ai-shield-learning",
  "environment": "development",
  "version": "1.0.0",
  "error": "server is not defined"
}
{
  "timestamp": "2025-09-09 12:02:41.550",
  "level": "ERROR",
  "message": "Error during shutdown",
  "service": "ai-shield-learning",
  "environment": "development",
  "version": "2.0.0",
  "error": "server is not defined"
}
{
  "timestamp": "2025-09-09 12:15:17.746",
  "level": "ERROR",
  "message": "Server error",
  "service": "ai-shield-learning",
  "environment": "development",
  "version": "2.0.0",
  "error": "listen EADDRINUSE: address already in use :::5002"
}
{
  "timestamp": "2025-09-09 12:19:17.419",
  "level": "ERROR",
  "message": "Server error",
  "service": "ai-shield-learning",
  "environment": "development",
  "version": "2.0.0",
  "error": "listen EADDRINUSE: address already in use :::5002"
}
{
  "timestamp": "2025-09-09 12:19:37.418",
  "level": "ERROR",
  "message": "Error during shutdown",
  "service": "ai-shield-learning",
  "environment": "development",
  "version": "1.0.0",
  "error": "server is not defined"
}
{
  "timestamp": "2025-09-09 12:30:51.304",
  "level": "ERROR",
  "message": "Server error",
  "service": "ai-shield-learning",
  "environment": "development",
  "version": "1.0.0",
  "error": "listen EADDRINUSE: address already in use :::5002"
}
{
  "timestamp": "2025-09-09 13:35:00.938",
  "level": "ERROR",
  "message": "Error during shutdown",
  "service": "ai-shield-learning",
  "environment": "development",
  "version": "1.0.0",
  "error": "server is not defined"
}
{
  "timestamp": "2025-09-09 13:35:58.090",
  "level": "ERROR",
  "message": "Error during shutdown",
  "service": "ai-shield-learning",
  "environment": "development",
  "version": "2.0.0",
  "error": "server is not defined"
}
{
  "timestamp": "2025-09-09 14:33:00.585",
  "level": "ERROR",
  "message": "Server error",
  "service": "ai-shield-learning",
  "environment": "development",
  "version": "1.0.0",
  "error": "listen EADDRINUSE: address already in use :::5002"
}
{
  "timestamp": "2025-09-09 15:18:21.581",
  "level": "ERROR",
  "message": "Server error",
  "service": "ai-shield-learning",
  "environment": "development",
  "version": "1.0.0",
  "error": "listen EADDRINUSE: address already in use :::5002"
}
