{
  "timestamp": "2025-09-10 09:28:53.469",
  "level": "ERROR",
  "message": "Server error",
  "service": "ai-shield-learning",
  "environment": "development",
  "version": "1.0.0",
  "error": "listen EADDRINUSE: address already in use :::5002"
}
{
  "timestamp": "2025-09-10 10:15:03.791",
  "level": "ERROR",
  "message": "Server error",
  "service": "ai-shield-learning",
  "environment": "development",
  "version": "1.0.0",
  "error": "listen EADDRINUSE: address already in use :::5002"
}
{
  "timestamp": "2025-09-10 10:29:55.217",
  "level": "ERROR",
  "message": "Server error",
  "service": "ai-shield-learning",
  "environment": "development",
  "version": "1.0.0",
  "error": "listen EADDRINUSE: address already in use :::5002"
}
{
  "timestamp": "2025-09-10 14:40:41.076",
  "level": "ERROR",
  "message": "uncaughtException: Cannot find module './config/passport'\nRequire stack:\n- /Users/ankush/Pictures/aishieldindia/aishield_india_app/server.js\nError: Cannot find module './config/passport'\nRequire stack:\n- /Users/ankush/Pictures/aishieldindia/aishield_india_app/server.js\n    at Module._resolveFilename (node:internal/modules/cjs/loader:1410:15)\n    at defaultResolveImpl (node:internal/modules/cjs/loader:1051:19)\n    at resolveForCJSWithHooks (node:internal/modules/cjs/loader:1056:22)\n    at Module._load (node:internal/modules/cjs/loader:1219:37)\n    at TracingChannel.traceSync (node:diagnostics_channel:322:14)\n    at wrapModuleLoad (node:internal/modules/cjs/loader:238:24)\n    at Module.require (node:internal/modules/cjs/loader:1493:12)\n    at require (node:internal/modules/helpers:152:16)\n    at Object.<anonymous> (/Users/ankush/Pictures/aishieldindia/aishield_india_app/server.js:209:1)\n    at Module._compile (node:internal/modules/cjs/loader:1738:14)",
  "error": {
    "code": "MODULE_NOT_FOUND",
    "requireStack": [
      "/Users/ankush/Pictures/aishieldindia/aishield_india_app/server.js"
    ]
  },
  "stack": "Error: Cannot find module './config/passport'\nRequire stack:\n- /Users/ankush/Pictures/aishieldindia/aishield_india_app/server.js\n    at Module._resolveFilename (node:internal/modules/cjs/loader:1410:15)\n    at defaultResolveImpl (node:internal/modules/cjs/loader:1051:19)\n    at resolveForCJSWithHooks (node:internal/modules/cjs/loader:1056:22)\n    at Module._load (node:internal/modules/cjs/loader:1219:37)\n    at TracingChannel.traceSync (node:diagnostics_channel:322:14)\n    at wrapModuleLoad (node:internal/modules/cjs/loader:238:24)\n    at Module.require (node:internal/modules/cjs/loader:1493:12)\n    at require (node:internal/modules/helpers:152:16)\n    at Object.<anonymous> (/Users/ankush/Pictures/aishieldindia/aishield_india_app/server.js:209:1)\n    at Module._compile (node:internal/modules/cjs/loader:1738:14)",
  "exception": true,
  "date": "Wed Sep 10 2025 14:40:41 GMT+0530 (India Standard Time)",
  "process": {
    "pid": 28554,
    "uid": 501,
    "gid": 20,
    "cwd": "/Users/ankush/Pictures/aishieldindia/aishield_india_app",
    "execPath": "/opt/homebrew/Cellar/node/24.6.0/bin/node",
    "version": "v24.6.0",
    "argv": [
      "/opt/homebrew/Cellar/node/24.6.0/bin/node",
      "/Users/ankush/Pictures/aishieldindia/aishield_india_app/server.js"
    ],
    "memoryUsage": {
      "rss": 89702400,
      "heapTotal": 35520512,
      "heapUsed": 26213392,
      "external": 20503753,
      "arrayBuffers": 18264618
    }
  },
  "os": {
    "loadavg": [
      2.740234375,
      3.05810546875,
      3.080078125
    ],
    "uptime": 19763
  },
  "trace": [
    {
      "column": 15,
      "file": "node:internal/modules/cjs/loader",
      "function": "Module._resolveFilename",
      "line": 1410,
      "method": "_resolveFilename",
      "native": false
    },
    {
      "column": 19,
      "file": "node:internal/modules/cjs/loader",
      "function": "defaultResolveImpl",
      "line": 1051,
      "method": null,
      "native": false
    },
    {
      "column": 22,
      "file": "node:internal/modules/cjs/loader",
      "function": "resolveForCJSWithHooks",
      "line": 1056,
      "method": null,
      "native": false
    },
    {
      "column": 37,
      "file": "node:internal/modules/cjs/loader",
      "function": "Module._load",
      "line": 1219,
      "method": "_load",
      "native": false
    },
    {
      "column": 14,
      "file": "node:diagnostics_channel",
      "function": "TracingChannel.traceSync",
      "line": 322,
      "method": "traceSync",
      "native": false
    },
    {
      "column": 24,
      "file": "node:internal/modules/cjs/loader",
      "function": "wrapModuleLoad",
      "line": 238,
      "method": null,
      "native": false
    },
    {
      "column": 12,
      "file": "node:internal/modules/cjs/loader",
      "function": "Module.require",
      "line": 1493,
      "method": "require",
      "native": false
    },
    {
      "column": 16,
      "file": "node:internal/modules/helpers",
      "function": "require",
      "line": 152,
      "method": null,
      "native": false
    },
    {
      "column": 1,
      "file": "/Users/ankush/Pictures/aishieldindia/aishield_india_app/server.js",
      "function": null,
      "line": 209,
      "method": null,
      "native": false
    },
    {
      "column": 14,
      "file": "node:internal/modules/cjs/loader",
      "function": "Module._compile",
      "line": 1738,
      "method": "_compile",
      "native": false
    }
  ],
  "service": "ai-shield-learning",
  "environment": "production",
  "version": "1.0.0"
}
{
  "timestamp": "2025-09-10 14:41:45.001",
  "level": "ERROR",
  "message": "uncaughtException: Cannot find module './config/passport'\nRequire stack:\n- /Users/ankush/Pictures/aishieldindia/aishield_india_app/server.js\nError: Cannot find module './config/passport'\nRequire stack:\n- /Users/ankush/Pictures/aishieldindia/aishield_india_app/server.js\n    at Module._resolveFilename (node:internal/modules/cjs/loader:1410:15)\n    at defaultResolveImpl (node:internal/modules/cjs/loader:1051:19)\n    at resolveForCJSWithHooks (node:internal/modules/cjs/loader:1056:22)\n    at Module._load (node:internal/modules/cjs/loader:1219:37)\n    at TracingChannel.traceSync (node:diagnostics_channel:322:14)\n    at wrapModuleLoad (node:internal/modules/cjs/loader:238:24)\n    at Module.require (node:internal/modules/cjs/loader:1493:12)\n    at require (node:internal/modules/helpers:152:16)\n    at Object.<anonymous> (/Users/ankush/Pictures/aishieldindia/aishield_india_app/server.js:209:1)\n    at Module._compile (node:internal/modules/cjs/loader:1738:14)",
  "error": {
    "code": "MODULE_NOT_FOUND",
    "requireStack": [
      "/Users/ankush/Pictures/aishieldindia/aishield_india_app/server.js"
    ]
  },
  "stack": "Error: Cannot find module './config/passport'\nRequire stack:\n- /Users/ankush/Pictures/aishieldindia/aishield_india_app/server.js\n    at Module._resolveFilename (node:internal/modules/cjs/loader:1410:15)\n    at defaultResolveImpl (node:internal/modules/cjs/loader:1051:19)\n    at resolveForCJSWithHooks (node:internal/modules/cjs/loader:1056:22)\n    at Module._load (node:internal/modules/cjs/loader:1219:37)\n    at TracingChannel.traceSync (node:diagnostics_channel:322:14)\n    at wrapModuleLoad (node:internal/modules/cjs/loader:238:24)\n    at Module.require (node:internal/modules/cjs/loader:1493:12)\n    at require (node:internal/modules/helpers:152:16)\n    at Object.<anonymous> (/Users/ankush/Pictures/aishieldindia/aishield_india_app/server.js:209:1)\n    at Module._compile (node:internal/modules/cjs/loader:1738:14)",
  "exception": true,
  "date": "Wed Sep 10 2025 14:41:45 GMT+0530 (India Standard Time)",
  "process": {
    "pid": 28852,
    "uid": 501,
    "gid": 20,
    "cwd": "/Users/ankush/Pictures/aishieldindia/aishield_india_app",
    "execPath": "/opt/homebrew/Cellar/node/24.6.0/bin/node",
    "version": "v24.6.0",
    "argv": [
      "/opt/homebrew/Cellar/node/24.6.0/bin/node",
      "/Users/ankush/Pictures/aishieldindia/aishield_india_app/server.js"
    ],
    "memoryUsage": {
      "rss": 92274688,
      "heapTotal": 37355520,
      "heapUsed": 21618736,
      "external": 20503753,
      "arrayBuffers": 18264307
    }
  },
  "os": {
    "loadavg": [
      2.4619140625,
      2.9208984375,
      3.02685546875
    ],
    "uptime": 19827
  },
  "trace": [
    {
      "column": 15,
      "file": "node:internal/modules/cjs/loader",
      "function": "Module._resolveFilename",
      "line": 1410,
      "method": "_resolveFilename",
      "native": false
    },
    {
      "column": 19,
      "file": "node:internal/modules/cjs/loader",
      "function": "defaultResolveImpl",
      "line": 1051,
      "method": null,
      "native": false
    },
    {
      "column": 22,
      "file": "node:internal/modules/cjs/loader",
      "function": "resolveForCJSWithHooks",
      "line": 1056,
      "method": null,
      "native": false
    },
    {
      "column": 37,
      "file": "node:internal/modules/cjs/loader",
      "function": "Module._load",
      "line": 1219,
      "method": "_load",
      "native": false
    },
    {
      "column": 14,
      "file": "node:diagnostics_channel",
      "function": "TracingChannel.traceSync",
      "line": 322,
      "method": "traceSync",
      "native": false
    },
    {
      "column": 24,
      "file": "node:internal/modules/cjs/loader",
      "function": "wrapModuleLoad",
      "line": 238,
      "method": null,
      "native": false
    },
    {
      "column": 12,
      "file": "node:internal/modules/cjs/loader",
      "function": "Module.require",
      "line": 1493,
      "method": "require",
      "native": false
    },
    {
      "column": 16,
      "file": "node:internal/modules/helpers",
      "function": "require",
      "line": 152,
      "method": null,
      "native": false
    },
    {
      "column": 1,
      "file": "/Users/ankush/Pictures/aishieldindia/aishield_india_app/server.js",
      "function": null,
      "line": 209,
      "method": null,
      "native": false
    },
    {
      "column": 14,
      "file": "node:internal/modules/cjs/loader",
      "function": "Module._compile",
      "line": 1738,
      "method": "_compile",
      "native": false
    }
  ],
  "service": "ai-shield-learning",
  "environment": "production",
  "version": "2.0.0"
}
{
  "timestamp": "2025-09-10 14:42:21.882",
  "level": "ERROR",
  "message": "uncaughtException: Cannot find module './config/passport'\nRequire stack:\n- /Users/ankush/Pictures/aishieldindia/aishield_india_app/server.js\nError: Cannot find module './config/passport'\nRequire stack:\n- /Users/ankush/Pictures/aishieldindia/aishield_india_app/server.js\n    at Module._resolveFilename (node:internal/modules/cjs/loader:1410:15)\n    at defaultResolveImpl (node:internal/modules/cjs/loader:1051:19)\n    at resolveForCJSWithHooks (node:internal/modules/cjs/loader:1056:22)\n    at Module._load (node:internal/modules/cjs/loader:1219:37)\n    at TracingChannel.traceSync (node:diagnostics_channel:322:14)\n    at wrapModuleLoad (node:internal/modules/cjs/loader:238:24)\n    at Module.require (node:internal/modules/cjs/loader:1493:12)\n    at require (node:internal/modules/helpers:152:16)\n    at Object.<anonymous> (/Users/ankush/Pictures/aishieldindia/aishield_india_app/server.js:209:1)\n    at Module._compile (node:internal/modules/cjs/loader:1738:14)",
  "error": {
    "code": "MODULE_NOT_FOUND",
    "requireStack": [
      "/Users/ankush/Pictures/aishieldindia/aishield_india_app/server.js"
    ]
  },
  "stack": "Error: Cannot find module './config/passport'\nRequire stack:\n- /Users/ankush/Pictures/aishieldindia/aishield_india_app/server.js\n    at Module._resolveFilename (node:internal/modules/cjs/loader:1410:15)\n    at defaultResolveImpl (node:internal/modules/cjs/loader:1051:19)\n    at resolveForCJSWithHooks (node:internal/modules/cjs/loader:1056:22)\n    at Module._load (node:internal/modules/cjs/loader:1219:37)\n    at TracingChannel.traceSync (node:diagnostics_channel:322:14)\n    at wrapModuleLoad (node:internal/modules/cjs/loader:238:24)\n    at Module.require (node:internal/modules/cjs/loader:1493:12)\n    at require (node:internal/modules/helpers:152:16)\n    at Object.<anonymous> (/Users/ankush/Pictures/aishieldindia/aishield_india_app/server.js:209:1)\n    at Module._compile (node:internal/modules/cjs/loader:1738:14)",
  "exception": true,
  "date": "Wed Sep 10 2025 14:42:21 GMT+0530 (India Standard Time)",
  "process": {
    "pid": 29045,
    "uid": 501,
    "gid": 20,
    "cwd": "/Users/ankush/Pictures/aishieldindia/aishield_india_app",
    "execPath": "/opt/homebrew/Cellar/node/24.6.0/bin/node",
    "version": "v24.6.0",
    "argv": [
      "/opt/homebrew/Cellar/node/24.6.0/bin/node",
      "/Users/ankush/Pictures/aishieldindia/aishield_india_app/server.js"
    ],
    "memoryUsage": {
      "rss": 91865088,
      "heapTotal": 35782656,
      "heapUsed": 26315064,
      "external": 20503753,
      "arrayBuffers": 18264618
    }
  },
  "os": {
    "loadavg": [
      5.7880859375,
      3.638671875,
      3.279296875
    ],
    "uptime": 19863
  },
  "trace": [
    {
      "column": 15,
      "file": "node:internal/modules/cjs/loader",
      "function": "Module._resolveFilename",
      "line": 1410,
      "method": "_resolveFilename",
      "native": false
    },
    {
      "column": 19,
      "file": "node:internal/modules/cjs/loader",
      "function": "defaultResolveImpl",
      "line": 1051,
      "method": null,
      "native": false
    },
    {
      "column": 22,
      "file": "node:internal/modules/cjs/loader",
      "function": "resolveForCJSWithHooks",
      "line": 1056,
      "method": null,
      "native": false
    },
    {
      "column": 37,
      "file": "node:internal/modules/cjs/loader",
      "function": "Module._load",
      "line": 1219,
      "method": "_load",
      "native": false
    },
    {
      "column": 14,
      "file": "node:diagnostics_channel",
      "function": "TracingChannel.traceSync",
      "line": 322,
      "method": "traceSync",
      "native": false
    },
    {
      "column": 24,
      "file": "node:internal/modules/cjs/loader",
      "function": "wrapModuleLoad",
      "line": 238,
      "method": null,
      "native": false
    },
    {
      "column": 12,
      "file": "node:internal/modules/cjs/loader",
      "function": "Module.require",
      "line": 1493,
      "method": "require",
      "native": false
    },
    {
      "column": 16,
      "file": "node:internal/modules/helpers",
      "function": "require",
      "line": 152,
      "method": null,
      "native": false
    },
    {
      "column": 1,
      "file": "/Users/ankush/Pictures/aishieldindia/aishield_india_app/server.js",
      "function": null,
      "line": 209,
      "method": null,
      "native": false
    },
    {
      "column": 14,
      "file": "node:internal/modules/cjs/loader",
      "function": "Module._compile",
      "line": 1738,
      "method": "_compile",
      "native": false
    }
  ],
  "service": "ai-shield-learning",
  "environment": "production",
  "version": "2.0.0"
}
{
  "timestamp": "2025-09-10 16:05:22.459",
  "level": "ERROR",
  "message": "Server error",
  "service": "ai-shield-learning",
  "environment": "development",
  "version": "1.0.0",
  "error": "listen EADDRINUSE: address already in use 127.0.0.1:5002"
}
